2024-02-25 19:57:18,976 INFO [main] o.a.n.b.NotificationServiceManager Successfully loaded the following 0 services: []
2024-02-25 19:57:18,988 INFO [main] org.apache.nifi.bootstrap.RunNiFi Registered no Notification Services for Notification Type NIFI_STARTED
2024-02-25 19:57:18,988 INFO [main] org.apache.nifi.bootstrap.RunNiFi Registered no Notification Services for Notification Type NIFI_STOPPED
2024-02-25 19:57:18,989 INFO [main] org.apache.nifi.bootstrap.RunNiFi Registered no Notification Services for Notification Type NIFI_DIED
2024-02-25 19:57:19,069 INFO [main] org.apache.nifi.bootstrap.RunNiFi Runtime Java version: 11.0.22
2024-02-25 19:57:19,357 INFO [main] org.apache.nifi.bootstrap.RunNiFi {javaVersion=11.0.22, availableProcessors=8, maxOpenFileDescriptors=1048576, totalPhysicalMemoryMB=10449, minimumHeapSize=1g, maximumHeapSize=1g}
2024-02-25 19:57:19,370 INFO [main] org.apache.nifi.bootstrap.Command Starting Apache NiFi...
2024-02-25 19:57:19,371 INFO [main] org.apache.nifi.bootstrap.Command Working Directory: /opt/nifi/nifi-current
2024-02-25 19:57:19,373 INFO [main] org.apache.nifi.bootstrap.Command Command: /opt/java/openjdk/bin/java -classpath /opt/nifi/nifi-current/./conf:/opt/nifi/nifi-current/./lib/javax.servlet-api-3.1.0.jar:/opt/nifi/nifi-current/./lib/nifi-framework-api-1.25.0.jar:/opt/nifi/nifi-current/./lib/logback-core-1.3.14.jar:/opt/nifi/nifi-current/./lib/nifi-runtime-1.25.0.jar:/opt/nifi/nifi-current/./lib/log4j-over-slf4j-2.0.11.jar:/opt/nifi/nifi-current/./lib/nifi-properties-1.25.0.jar:/opt/nifi/nifi-current/./lib/slf4j-api-2.0.11.jar:/opt/nifi/nifi-current/./lib/nifi-nar-utils-1.25.0.jar:/opt/nifi/nifi-current/./lib/logback-classic-1.3.14.jar:/opt/nifi/nifi-current/./lib/nifi-server-api-1.25.0.jar:/opt/nifi/nifi-current/./lib/jetty-schemas-5.2.jar:/opt/nifi/nifi-current/./lib/jul-to-slf4j-2.0.11.jar:/opt/nifi/nifi-current/./lib/nifi-stateless-api-1.25.0.jar:/opt/nifi/nifi-current/./lib/nifi-api-1.25.0.jar:/opt/nifi/nifi-current/./lib/nifi-per-process-group-logging-1.25.0.jar:/opt/nifi/nifi-current/./lib/nifi-stateless-bootstrap-1.25.0.jar:/opt/nifi/nifi-current/./lib/nifi-property-utils-1.25.0.jar:/opt/nifi/nifi-current/./lib/jcl-over-slf4j-2.0.11.jar:/opt/nifi/nifi-current/./lib/java11/javax.annotation-api-1.3.2.jar:/opt/nifi/nifi-current/./lib/java11/istack-commons-runtime-3.0.12.jar:/opt/nifi/nifi-current/./lib/java11/jakarta.activation-1.2.2.jar:/opt/nifi/nifi-current/./lib/java11/jaxb-runtime-2.3.9.jar:/opt/nifi/nifi-current/./lib/java11/jakarta.xml.bind-api-2.3.3.jar:/opt/nifi/nifi-current/./lib/java11/txw2-2.3.9.jar:/opt/nifi/nifi-current/./lib/java11/jakarta.activation-api-1.2.2.jar -Dorg.apache.jasper.compiler.disablejsr199=true -Xmx1g -Xms1g -Dcurator-log-only-first-connection-issue-as-error-level=true -Djavax.security.auth.useSubjectCredsOnly=true -Djava.security.egd=file:/dev/urandom -Dzookeeper.admin.enableServer=false -Dsun.net.http.allowRestrictedHeaders=true -Djava.net.preferIPv4Stack=true -Djava.awt.headless=true -Djava.protocol.handler.pkgs=sun.net.www.protocol -Dnifi.properties.file.path=/opt/nifi/nifi-current/./conf/nifi.properties -Dnifi.bootstrap.listen.port=42861 -Dapp=NiFi -Dorg.apache.nifi.bootstrap.config.log.dir=/opt/nifi/nifi-current/logs org.apache.nifi.NiFi 
2024-02-25 19:57:19,430 INFO [main] org.apache.nifi.bootstrap.Command Launched Apache NiFi with Process ID 91
2024-02-25 19:57:20,604 INFO [NiFi Bootstrap Command Listener] org.apache.nifi.bootstrap.RunNiFi Apache NiFi now running and listening for Bootstrap requests on port 43303
2024-02-25 19:57:36,999 ERROR [NiFi logging handler] org.apache.nifi.StdErr WARNING: An illegal reflective access operation has occurred
2024-02-25 19:57:37,001 ERROR [NiFi logging handler] org.apache.nifi.StdErr WARNING: Illegal reflective access by jetbrains.exodus.io.FileDataWriter$Companion$setUninterruptibleMethod$1 (file:/opt/nifi/nifi-current/./work/nar/framework/nifi-framework-nar-1.25.0.nar-unpacked/NAR-INF/bundled-dependencies/xodus-environment-2.0.1.jar) to method sun.nio.ch.FileChannelImpl.setUninterruptible()
2024-02-25 19:57:37,001 ERROR [NiFi logging handler] org.apache.nifi.StdErr WARNING: Please consider reporting this to the maintainers of jetbrains.exodus.io.FileDataWriter$Companion$setUninterruptibleMethod$1
2024-02-25 19:57:37,002 ERROR [NiFi logging handler] org.apache.nifi.StdErr WARNING: Use --illegal-access=warn to enable warnings of further illegal reflective access operations
2024-02-25 19:57:37,003 ERROR [NiFi logging handler] org.apache.nifi.StdErr WARNING: All illegal access operations will be denied in a future release
2024-02-25 21:30:46,751 INFO [main] o.a.n.b.NotificationServiceManager Successfully loaded the following 0 services: []
2024-02-25 21:30:46,754 INFO [main] org.apache.nifi.bootstrap.RunNiFi Registered no Notification Services for Notification Type NIFI_STARTED
2024-02-25 21:30:46,754 INFO [main] org.apache.nifi.bootstrap.RunNiFi Registered no Notification Services for Notification Type NIFI_STOPPED
2024-02-25 21:30:46,755 INFO [main] org.apache.nifi.bootstrap.RunNiFi Registered no Notification Services for Notification Type NIFI_DIED
2024-02-25 21:30:46,778 INFO [main] org.apache.nifi.bootstrap.Command Apache NiFi has accepted the Shutdown Command and is shutting down now
2024-02-25 21:30:46,810 INFO [main] org.apache.nifi.bootstrap.Command NiFi PID [91] shutdown in progress...
2024-02-25 21:30:48,815 INFO [main] org.apache.nifi.bootstrap.Command NiFi PID [91] shutdown in progress...
2024-02-25 21:30:50,818 INFO [main] org.apache.nifi.bootstrap.Command NiFi PID [91] shutdown in progress...
2024-02-25 21:30:52,825 INFO [main] org.apache.nifi.bootstrap.Command NiFi PID [91] shutdown in progress...
2024-02-25 21:30:54,830 INFO [main] org.apache.nifi.bootstrap.Command NiFi PID [91] shutdown in progress...
