2024-02-29 00:13:53,666 INFO [main] org.apache.nifi.bootstrap.RunNiFi A shutdown was initiated. Will not restart NiFi
2024-02-29 00:14:23,445 INFO [main] o.a.n.b.NotificationServiceManager Successfully loaded the following 0 services: []
2024-02-29 00:14:23,457 INFO [main] org.apache.nifi.bootstrap.RunNiFi Registered no Notification Services for Notification Type NIFI_STARTED
2024-02-29 00:14:23,460 INFO [main] org.apache.nifi.bootstrap.RunNiFi Registered no Notification Services for Notification Type NIFI_STOPPED
2024-02-29 00:14:23,462 INFO [main] org.apache.nifi.bootstrap.RunNiFi Registered no Notification Services for Notification Type NIFI_DIED
2024-02-29 00:14:23,478 INFO [main] org.apache.nifi.bootstrap.RunNiFi Runtime Java version: 11.0.22
2024-02-29 00:14:23,915 INFO [main] org.apache.nifi.bootstrap.RunNiFi {javaVersion=11.0.22, availableProcessors=8, maxOpenFileDescriptors=1048576, totalPhysicalMemoryMB=10449, minimumHeapSize=1g, maximumHeapSize=1g}
2024-02-29 00:14:24,030 INFO [main] org.apache.nifi.bootstrap.Command Starting Apache NiFi...
2024-02-29 00:14:24,031 INFO [main] org.apache.nifi.bootstrap.Command Working Directory: /opt/nifi/nifi-current
2024-02-29 00:14:24,033 INFO [main] org.apache.nifi.bootstrap.Command Command: /opt/java/openjdk/bin/java -classpath /opt/nifi/nifi-current/./conf:/opt/nifi/nifi-current/./lib/javax.servlet-api-3.1.0.jar:/opt/nifi/nifi-current/./lib/nifi-framework-api-1.25.0.jar:/opt/nifi/nifi-current/./lib/logback-core-1.3.14.jar:/opt/nifi/nifi-current/./lib/nifi-runtime-1.25.0.jar:/opt/nifi/nifi-current/./lib/log4j-over-slf4j-2.0.11.jar:/opt/nifi/nifi-current/./lib/nifi-properties-1.25.0.jar:/opt/nifi/nifi-current/./lib/slf4j-api-2.0.11.jar:/opt/nifi/nifi-current/./lib/nifi-nar-utils-1.25.0.jar:/opt/nifi/nifi-current/./lib/logback-classic-1.3.14.jar:/opt/nifi/nifi-current/./lib/nifi-server-api-1.25.0.jar:/opt/nifi/nifi-current/./lib/jetty-schemas-5.2.jar:/opt/nifi/nifi-current/./lib/jul-to-slf4j-2.0.11.jar:/opt/nifi/nifi-current/./lib/nifi-stateless-api-1.25.0.jar:/opt/nifi/nifi-current/./lib/nifi-api-1.25.0.jar:/opt/nifi/nifi-current/./lib/nifi-per-process-group-logging-1.25.0.jar:/opt/nifi/nifi-current/./lib/nifi-stateless-bootstrap-1.25.0.jar:/opt/nifi/nifi-current/./lib/nifi-property-utils-1.25.0.jar:/opt/nifi/nifi-current/./lib/jcl-over-slf4j-2.0.11.jar:/opt/nifi/nifi-current/./lib/java11/javax.annotation-api-1.3.2.jar:/opt/nifi/nifi-current/./lib/java11/istack-commons-runtime-3.0.12.jar:/opt/nifi/nifi-current/./lib/java11/jakarta.activation-1.2.2.jar:/opt/nifi/nifi-current/./lib/java11/jaxb-runtime-2.3.9.jar:/opt/nifi/nifi-current/./lib/java11/jakarta.xml.bind-api-2.3.3.jar:/opt/nifi/nifi-current/./lib/java11/txw2-2.3.9.jar:/opt/nifi/nifi-current/./lib/java11/jakarta.activation-api-1.2.2.jar -Dorg.apache.jasper.compiler.disablejsr199=true -Xmx1g -Xms1g -Dcurator-log-only-first-connection-issue-as-error-level=true -Djavax.security.auth.useSubjectCredsOnly=true -Djava.security.egd=file:/dev/urandom -Dzookeeper.admin.enableServer=false -Dsun.net.http.allowRestrictedHeaders=true -Djava.net.preferIPv4Stack=true -Djava.awt.headless=true -Djava.protocol.handler.pkgs=sun.net.www.protocol -Dnifi.properties.file.path=/opt/nifi/nifi-current/./conf/nifi.properties -Dnifi.bootstrap.listen.port=40563 -Dapp=NiFi -Dorg.apache.nifi.bootstrap.config.log.dir=/opt/nifi/nifi-current/logs org.apache.nifi.NiFi 
2024-02-29 00:14:24,174 INFO [main] org.apache.nifi.bootstrap.Command Launched Apache NiFi with Process ID 88
2024-02-29 00:14:25,906 INFO [NiFi Bootstrap Command Listener] org.apache.nifi.bootstrap.RunNiFi Apache NiFi now running and listening for Bootstrap requests on port 41659
2024-02-29 00:14:51,977 ERROR [NiFi logging handler] org.apache.nifi.StdErr Warning: Nashorn engine is planned to be removed from a future JDK release
2024-02-29 00:14:52,826 ERROR [NiFi logging handler] org.apache.nifi.StdErr Warning: Nashorn engine is planned to be removed from a future JDK release
2024-02-29 00:14:52,856 ERROR [NiFi logging handler] org.apache.nifi.StdErr Warning: Nashorn engine is planned to be removed from a future JDK release
2024-02-29 00:14:52,884 ERROR [NiFi logging handler] org.apache.nifi.StdErr Warning: Nashorn engine is planned to be removed from a future JDK release
2024-02-29 00:14:52,923 ERROR [NiFi logging handler] org.apache.nifi.StdErr Warning: Nashorn engine is planned to be removed from a future JDK release
2024-02-29 00:14:52,954 ERROR [NiFi logging handler] org.apache.nifi.StdErr Warning: Nashorn engine is planned to be removed from a future JDK release
2024-02-29 00:14:52,962 ERROR [NiFi logging handler] org.apache.nifi.StdErr Warning: Nashorn engine is planned to be removed from a future JDK release
2024-02-29 00:14:52,971 ERROR [NiFi logging handler] org.apache.nifi.StdErr Warning: Nashorn engine is planned to be removed from a future JDK release
2024-02-29 00:14:53,080 ERROR [NiFi logging handler] org.apache.nifi.StdErr Warning: Nashorn engine is planned to be removed from a future JDK release
2024-02-29 00:15:00,929 ERROR [NiFi logging handler] org.apache.nifi.StdErr WARNING: An illegal reflective access operation has occurred
2024-02-29 00:15:00,930 ERROR [NiFi logging handler] org.apache.nifi.StdErr WARNING: Illegal reflective access by jetbrains.exodus.io.FileDataWriter$Companion$setUninterruptibleMethod$1 (file:/opt/nifi/nifi-current/./work/nar/framework/nifi-framework-nar-1.25.0.nar-unpacked/NAR-INF/bundled-dependencies/xodus-environment-2.0.1.jar) to method sun.nio.ch.FileChannelImpl.setUninterruptible()
2024-02-29 00:15:00,930 ERROR [NiFi logging handler] org.apache.nifi.StdErr WARNING: Please consider reporting this to the maintainers of jetbrains.exodus.io.FileDataWriter$Companion$setUninterruptibleMethod$1
2024-02-29 00:15:00,931 ERROR [NiFi logging handler] org.apache.nifi.StdErr WARNING: Use --illegal-access=warn to enable warnings of further illegal reflective access operations
2024-02-29 00:15:00,931 ERROR [NiFi logging handler] org.apache.nifi.StdErr WARNING: All illegal access operations will be denied in a future release
2024-02-29 00:15:53,081 INFO [main] o.a.n.b.NotificationServiceManager Successfully loaded the following 0 services: []
2024-02-29 00:15:53,087 INFO [main] org.apache.nifi.bootstrap.RunNiFi Registered no Notification Services for Notification Type NIFI_STARTED
2024-02-29 00:15:53,088 INFO [main] org.apache.nifi.bootstrap.RunNiFi Registered no Notification Services for Notification Type NIFI_STOPPED
2024-02-29 00:15:53,091 INFO [main] org.apache.nifi.bootstrap.RunNiFi Registered no Notification Services for Notification Type NIFI_DIED
2024-02-29 00:15:53,110 INFO [main] org.apache.nifi.bootstrap.RunNiFi Runtime Java version: 11.0.22
2024-02-29 00:15:53,301 INFO [main] org.apache.nifi.bootstrap.RunNiFi {javaVersion=11.0.22, availableProcessors=8, maxOpenFileDescriptors=1048576, totalPhysicalMemoryMB=10449, minimumHeapSize=1g, maximumHeapSize=1g}
2024-02-29 00:15:53,386 INFO [main] org.apache.nifi.bootstrap.Command Starting Apache NiFi...
2024-02-29 00:15:53,390 INFO [main] org.apache.nifi.bootstrap.Command Working Directory: /opt/nifi/nifi-current
2024-02-29 00:15:53,392 INFO [main] org.apache.nifi.bootstrap.Command Command: /opt/java/openjdk/bin/java -classpath /opt/nifi/nifi-current/./conf:/opt/nifi/nifi-current/./lib/javax.servlet-api-3.1.0.jar:/opt/nifi/nifi-current/./lib/nifi-framework-api-1.25.0.jar:/opt/nifi/nifi-current/./lib/logback-core-1.3.14.jar:/opt/nifi/nifi-current/./lib/nifi-runtime-1.25.0.jar:/opt/nifi/nifi-current/./lib/log4j-over-slf4j-2.0.11.jar:/opt/nifi/nifi-current/./lib/nifi-properties-1.25.0.jar:/opt/nifi/nifi-current/./lib/slf4j-api-2.0.11.jar:/opt/nifi/nifi-current/./lib/nifi-nar-utils-1.25.0.jar:/opt/nifi/nifi-current/./lib/logback-classic-1.3.14.jar:/opt/nifi/nifi-current/./lib/nifi-server-api-1.25.0.jar:/opt/nifi/nifi-current/./lib/jetty-schemas-5.2.jar:/opt/nifi/nifi-current/./lib/jul-to-slf4j-2.0.11.jar:/opt/nifi/nifi-current/./lib/nifi-stateless-api-1.25.0.jar:/opt/nifi/nifi-current/./lib/nifi-api-1.25.0.jar:/opt/nifi/nifi-current/./lib/nifi-per-process-group-logging-1.25.0.jar:/opt/nifi/nifi-current/./lib/nifi-stateless-bootstrap-1.25.0.jar:/opt/nifi/nifi-current/./lib/nifi-property-utils-1.25.0.jar:/opt/nifi/nifi-current/./lib/jcl-over-slf4j-2.0.11.jar:/opt/nifi/nifi-current/./lib/java11/javax.annotation-api-1.3.2.jar:/opt/nifi/nifi-current/./lib/java11/istack-commons-runtime-3.0.12.jar:/opt/nifi/nifi-current/./lib/java11/jakarta.activation-1.2.2.jar:/opt/nifi/nifi-current/./lib/java11/jaxb-runtime-2.3.9.jar:/opt/nifi/nifi-current/./lib/java11/jakarta.xml.bind-api-2.3.3.jar:/opt/nifi/nifi-current/./lib/java11/txw2-2.3.9.jar:/opt/nifi/nifi-current/./lib/java11/jakarta.activation-api-1.2.2.jar -Dorg.apache.jasper.compiler.disablejsr199=true -Xmx1g -Xms1g -Dcurator-log-only-first-connection-issue-as-error-level=true -Djavax.security.auth.useSubjectCredsOnly=true -Djava.security.egd=file:/dev/urandom -Dzookeeper.admin.enableServer=false -Dsun.net.http.allowRestrictedHeaders=true -Djava.net.preferIPv4Stack=true -Djava.awt.headless=true -Djava.protocol.handler.pkgs=sun.net.www.protocol -Dnifi.properties.file.path=/opt/nifi/nifi-current/./conf/nifi.properties -Dnifi.bootstrap.listen.port=33633 -Dapp=NiFi -Dorg.apache.nifi.bootstrap.config.log.dir=/opt/nifi/nifi-current/logs org.apache.nifi.NiFi 
2024-02-29 00:15:53,496 INFO [main] org.apache.nifi.bootstrap.Command Launched Apache NiFi with Process ID 90
2024-02-29 00:15:55,215 INFO [NiFi Bootstrap Command Listener] org.apache.nifi.bootstrap.RunNiFi Apache NiFi now running and listening for Bootstrap requests on port 45371
2024-02-29 00:16:19,700 ERROR [NiFi logging handler] org.apache.nifi.StdErr Warning: Nashorn engine is planned to be removed from a future JDK release
2024-02-29 00:16:20,774 ERROR [NiFi logging handler] org.apache.nifi.StdErr Warning: Nashorn engine is planned to be removed from a future JDK release
2024-02-29 00:16:20,807 ERROR [NiFi logging handler] org.apache.nifi.StdErr Warning: Nashorn engine is planned to be removed from a future JDK release
2024-02-29 00:16:20,836 ERROR [NiFi logging handler] org.apache.nifi.StdErr Warning: Nashorn engine is planned to be removed from a future JDK release
2024-02-29 00:16:20,871 ERROR [NiFi logging handler] org.apache.nifi.StdErr Warning: Nashorn engine is planned to be removed from a future JDK release
2024-02-29 00:16:20,898 ERROR [NiFi logging handler] org.apache.nifi.StdErr Warning: Nashorn engine is planned to be removed from a future JDK release
2024-02-29 00:16:20,907 ERROR [NiFi logging handler] org.apache.nifi.StdErr Warning: Nashorn engine is planned to be removed from a future JDK release
2024-02-29 00:16:20,915 ERROR [NiFi logging handler] org.apache.nifi.StdErr Warning: Nashorn engine is planned to be removed from a future JDK release
2024-02-29 00:16:21,032 ERROR [NiFi logging handler] org.apache.nifi.StdErr Warning: Nashorn engine is planned to be removed from a future JDK release
2024-02-29 00:16:29,340 ERROR [NiFi logging handler] org.apache.nifi.StdErr WARNING: An illegal reflective access operation has occurred
2024-02-29 00:16:29,343 ERROR [NiFi logging handler] org.apache.nifi.StdErr WARNING: Illegal reflective access by jetbrains.exodus.io.FileDataWriter$Companion$setUninterruptibleMethod$1 (file:/opt/nifi/nifi-current/./work/nar/framework/nifi-framework-nar-1.25.0.nar-unpacked/NAR-INF/bundled-dependencies/xodus-environment-2.0.1.jar) to method sun.nio.ch.FileChannelImpl.setUninterruptible()
2024-02-29 00:16:29,344 ERROR [NiFi logging handler] org.apache.nifi.StdErr WARNING: Please consider reporting this to the maintainers of jetbrains.exodus.io.FileDataWriter$Companion$setUninterruptibleMethod$1
2024-02-29 00:16:29,345 ERROR [NiFi logging handler] org.apache.nifi.StdErr WARNING: Use --illegal-access=warn to enable warnings of further illegal reflective access operations
2024-02-29 00:16:29,345 ERROR [NiFi logging handler] org.apache.nifi.StdErr WARNING: All illegal access operations will be denied in a future release
2024-02-29 00:16:51,188 INFO [main] o.a.n.b.NotificationServiceManager Successfully loaded the following 0 services: []
2024-02-29 00:16:51,199 INFO [main] org.apache.nifi.bootstrap.RunNiFi Registered no Notification Services for Notification Type NIFI_STARTED
2024-02-29 00:16:51,200 INFO [main] org.apache.nifi.bootstrap.RunNiFi Registered no Notification Services for Notification Type NIFI_STOPPED
2024-02-29 00:16:51,201 INFO [main] org.apache.nifi.bootstrap.RunNiFi Registered no Notification Services for Notification Type NIFI_DIED
2024-02-29 00:16:51,227 INFO [main] org.apache.nifi.bootstrap.RunNiFi Runtime Java version: 11.0.22
2024-02-29 00:16:51,543 INFO [main] org.apache.nifi.bootstrap.RunNiFi {javaVersion=11.0.22, availableProcessors=8, maxOpenFileDescriptors=1048576, totalPhysicalMemoryMB=10449, minimumHeapSize=1g, maximumHeapSize=1g}
2024-02-29 00:16:51,660 INFO [main] org.apache.nifi.bootstrap.Command Starting Apache NiFi...
2024-02-29 00:16:51,662 INFO [main] org.apache.nifi.bootstrap.Command Working Directory: /opt/nifi/nifi-current
2024-02-29 00:16:51,663 INFO [main] org.apache.nifi.bootstrap.Command Command: /opt/java/openjdk/bin/java -classpath /opt/nifi/nifi-current/./conf:/opt/nifi/nifi-current/./lib/javax.servlet-api-3.1.0.jar:/opt/nifi/nifi-current/./lib/nifi-framework-api-1.25.0.jar:/opt/nifi/nifi-current/./lib/logback-core-1.3.14.jar:/opt/nifi/nifi-current/./lib/nifi-runtime-1.25.0.jar:/opt/nifi/nifi-current/./lib/log4j-over-slf4j-2.0.11.jar:/opt/nifi/nifi-current/./lib/nifi-properties-1.25.0.jar:/opt/nifi/nifi-current/./lib/slf4j-api-2.0.11.jar:/opt/nifi/nifi-current/./lib/nifi-nar-utils-1.25.0.jar:/opt/nifi/nifi-current/./lib/logback-classic-1.3.14.jar:/opt/nifi/nifi-current/./lib/nifi-server-api-1.25.0.jar:/opt/nifi/nifi-current/./lib/jetty-schemas-5.2.jar:/opt/nifi/nifi-current/./lib/jul-to-slf4j-2.0.11.jar:/opt/nifi/nifi-current/./lib/nifi-stateless-api-1.25.0.jar:/opt/nifi/nifi-current/./lib/nifi-api-1.25.0.jar:/opt/nifi/nifi-current/./lib/nifi-per-process-group-logging-1.25.0.jar:/opt/nifi/nifi-current/./lib/nifi-stateless-bootstrap-1.25.0.jar:/opt/nifi/nifi-current/./lib/nifi-property-utils-1.25.0.jar:/opt/nifi/nifi-current/./lib/jcl-over-slf4j-2.0.11.jar:/opt/nifi/nifi-current/./lib/java11/javax.annotation-api-1.3.2.jar:/opt/nifi/nifi-current/./lib/java11/istack-commons-runtime-3.0.12.jar:/opt/nifi/nifi-current/./lib/java11/jakarta.activation-1.2.2.jar:/opt/nifi/nifi-current/./lib/java11/jaxb-runtime-2.3.9.jar:/opt/nifi/nifi-current/./lib/java11/jakarta.xml.bind-api-2.3.3.jar:/opt/nifi/nifi-current/./lib/java11/txw2-2.3.9.jar:/opt/nifi/nifi-current/./lib/java11/jakarta.activation-api-1.2.2.jar -Dorg.apache.jasper.compiler.disablejsr199=true -Xmx1g -Xms1g -Dcurator-log-only-first-connection-issue-as-error-level=true -Djavax.security.auth.useSubjectCredsOnly=true -Djava.security.egd=file:/dev/urandom -Dzookeeper.admin.enableServer=false -Dsun.net.http.allowRestrictedHeaders=true -Djava.net.preferIPv4Stack=true -Djava.awt.headless=true -Djava.protocol.handler.pkgs=sun.net.www.protocol -Dnifi.properties.file.path=/opt/nifi/nifi-current/./conf/nifi.properties -Dnifi.bootstrap.listen.port=41295 -Dapp=NiFi -Dorg.apache.nifi.bootstrap.config.log.dir=/opt/nifi/nifi-current/logs org.apache.nifi.NiFi 
2024-02-29 00:16:51,807 INFO [main] org.apache.nifi.bootstrap.Command Launched Apache NiFi with Process ID 90
2024-02-29 00:16:53,181 INFO [NiFi Bootstrap Command Listener] org.apache.nifi.bootstrap.RunNiFi Apache NiFi now running and listening for Bootstrap requests on port 44889
2024-02-29 00:17:17,640 ERROR [NiFi logging handler] org.apache.nifi.StdErr Warning: Nashorn engine is planned to be removed from a future JDK release
2024-02-29 00:17:18,545 ERROR [NiFi logging handler] org.apache.nifi.StdErr Warning: Nashorn engine is planned to be removed from a future JDK release
2024-02-29 00:17:18,584 ERROR [NiFi logging handler] org.apache.nifi.StdErr Warning: Nashorn engine is planned to be removed from a future JDK release
2024-02-29 00:17:18,614 ERROR [NiFi logging handler] org.apache.nifi.StdErr Warning: Nashorn engine is planned to be removed from a future JDK release
2024-02-29 00:17:18,652 ERROR [NiFi logging handler] org.apache.nifi.StdErr Warning: Nashorn engine is planned to be removed from a future JDK release
2024-02-29 00:17:18,685 ERROR [NiFi logging handler] org.apache.nifi.StdErr Warning: Nashorn engine is planned to be removed from a future JDK release
2024-02-29 00:17:18,696 ERROR [NiFi logging handler] org.apache.nifi.StdErr Warning: Nashorn engine is planned to be removed from a future JDK release
2024-02-29 00:17:18,704 ERROR [NiFi logging handler] org.apache.nifi.StdErr Warning: Nashorn engine is planned to be removed from a future JDK release
2024-02-29 00:17:18,832 ERROR [NiFi logging handler] org.apache.nifi.StdErr Warning: Nashorn engine is planned to be removed from a future JDK release
2024-02-29 00:17:25,887 ERROR [NiFi logging handler] org.apache.nifi.StdErr WARNING: An illegal reflective access operation has occurred
2024-02-29 00:17:25,889 ERROR [NiFi logging handler] org.apache.nifi.StdErr WARNING: Illegal reflective access by jetbrains.exodus.io.FileDataWriter$Companion$setUninterruptibleMethod$1 (file:/opt/nifi/nifi-current/./work/nar/framework/nifi-framework-nar-1.25.0.nar-unpacked/NAR-INF/bundled-dependencies/xodus-environment-2.0.1.jar) to method sun.nio.ch.FileChannelImpl.setUninterruptible()
2024-02-29 00:17:25,889 ERROR [NiFi logging handler] org.apache.nifi.StdErr WARNING: Please consider reporting this to the maintainers of jetbrains.exodus.io.FileDataWriter$Companion$setUninterruptibleMethod$1
2024-02-29 00:17:25,889 ERROR [NiFi logging handler] org.apache.nifi.StdErr WARNING: Use --illegal-access=warn to enable warnings of further illegal reflective access operations
2024-02-29 00:17:25,890 ERROR [NiFi logging handler] org.apache.nifi.StdErr WARNING: All illegal access operations will be denied in a future release
2024-02-29 00:17:32,508 INFO [main] o.a.n.b.NotificationServiceManager Successfully loaded the following 0 services: []
2024-02-29 00:17:32,532 INFO [main] org.apache.nifi.bootstrap.RunNiFi Registered no Notification Services for Notification Type NIFI_STARTED
2024-02-29 00:17:32,535 INFO [main] org.apache.nifi.bootstrap.RunNiFi Registered no Notification Services for Notification Type NIFI_STOPPED
2024-02-29 00:17:32,543 INFO [main] org.apache.nifi.bootstrap.RunNiFi Registered no Notification Services for Notification Type NIFI_DIED
2024-02-29 00:17:32,667 INFO [main] org.apache.nifi.bootstrap.Command Apache NiFi has accepted the Shutdown Command and is shutting down now
2024-02-29 00:17:32,720 INFO [main] org.apache.nifi.bootstrap.Command NiFi PID [90] shutdown in progress...
2024-02-29 00:17:34,731 INFO [main] org.apache.nifi.bootstrap.Command NiFi PID [90] shutdown in progress...
2024-02-29 00:17:36,741 INFO [main] org.apache.nifi.bootstrap.Command NiFi PID [90] shutdown in progress...
2024-02-29 00:17:47,688 INFO [main] o.a.n.b.NotificationServiceManager Successfully loaded the following 0 services: []
2024-02-29 00:17:47,701 INFO [main] org.apache.nifi.bootstrap.RunNiFi Registered no Notification Services for Notification Type NIFI_STARTED
2024-02-29 00:17:47,706 INFO [main] org.apache.nifi.bootstrap.RunNiFi Registered no Notification Services for Notification Type NIFI_STOPPED
2024-02-29 00:17:47,707 INFO [main] org.apache.nifi.bootstrap.RunNiFi Registered no Notification Services for Notification Type NIFI_DIED
2024-02-29 00:17:47,781 INFO [main] org.apache.nifi.bootstrap.RunNiFi Runtime Java version: 11.0.22
2024-02-29 00:17:48,130 INFO [main] org.apache.nifi.bootstrap.RunNiFi {javaVersion=11.0.22, availableProcessors=8, maxOpenFileDescriptors=1048576, totalPhysicalMemoryMB=10449, minimumHeapSize=1g, maximumHeapSize=1g}
2024-02-29 00:17:48,211 INFO [main] org.apache.nifi.bootstrap.Command Starting Apache NiFi...
2024-02-29 00:17:48,222 INFO [main] org.apache.nifi.bootstrap.Command Working Directory: /opt/nifi/nifi-current
2024-02-29 00:17:48,224 INFO [main] org.apache.nifi.bootstrap.Command Command: /opt/java/openjdk/bin/java -classpath /opt/nifi/nifi-current/./conf:/opt/nifi/nifi-current/./lib/javax.servlet-api-3.1.0.jar:/opt/nifi/nifi-current/./lib/nifi-framework-api-1.25.0.jar:/opt/nifi/nifi-current/./lib/logback-core-1.3.14.jar:/opt/nifi/nifi-current/./lib/nifi-runtime-1.25.0.jar:/opt/nifi/nifi-current/./lib/log4j-over-slf4j-2.0.11.jar:/opt/nifi/nifi-current/./lib/nifi-properties-1.25.0.jar:/opt/nifi/nifi-current/./lib/slf4j-api-2.0.11.jar:/opt/nifi/nifi-current/./lib/nifi-nar-utils-1.25.0.jar:/opt/nifi/nifi-current/./lib/logback-classic-1.3.14.jar:/opt/nifi/nifi-current/./lib/nifi-server-api-1.25.0.jar:/opt/nifi/nifi-current/./lib/jetty-schemas-5.2.jar:/opt/nifi/nifi-current/./lib/jul-to-slf4j-2.0.11.jar:/opt/nifi/nifi-current/./lib/nifi-stateless-api-1.25.0.jar:/opt/nifi/nifi-current/./lib/nifi-api-1.25.0.jar:/opt/nifi/nifi-current/./lib/nifi-per-process-group-logging-1.25.0.jar:/opt/nifi/nifi-current/./lib/nifi-stateless-bootstrap-1.25.0.jar:/opt/nifi/nifi-current/./lib/nifi-property-utils-1.25.0.jar:/opt/nifi/nifi-current/./lib/jcl-over-slf4j-2.0.11.jar:/opt/nifi/nifi-current/./lib/java11/javax.annotation-api-1.3.2.jar:/opt/nifi/nifi-current/./lib/java11/istack-commons-runtime-3.0.12.jar:/opt/nifi/nifi-current/./lib/java11/jakarta.activation-1.2.2.jar:/opt/nifi/nifi-current/./lib/java11/jaxb-runtime-2.3.9.jar:/opt/nifi/nifi-current/./lib/java11/jakarta.xml.bind-api-2.3.3.jar:/opt/nifi/nifi-current/./lib/java11/txw2-2.3.9.jar:/opt/nifi/nifi-current/./lib/java11/jakarta.activation-api-1.2.2.jar -Dorg.apache.jasper.compiler.disablejsr199=true -Xmx1g -Xms1g -Dcurator-log-only-first-connection-issue-as-error-level=true -Djavax.security.auth.useSubjectCredsOnly=true -Djava.security.egd=file:/dev/urandom -Dzookeeper.admin.enableServer=false -Dsun.net.http.allowRestrictedHeaders=true -Djava.net.preferIPv4Stack=true -Djava.awt.headless=true -Djava.protocol.handler.pkgs=sun.net.www.protocol -Dnifi.properties.file.path=/opt/nifi/nifi-current/./conf/nifi.properties -Dnifi.bootstrap.listen.port=35953 -Dapp=NiFi -Dorg.apache.nifi.bootstrap.config.log.dir=/opt/nifi/nifi-current/logs org.apache.nifi.NiFi 
2024-02-29 00:17:48,314 INFO [main] org.apache.nifi.bootstrap.Command Launched Apache NiFi with Process ID 88
2024-02-29 00:17:50,131 INFO [NiFi Bootstrap Command Listener] org.apache.nifi.bootstrap.RunNiFi Apache NiFi now running and listening for Bootstrap requests on port 37795
2024-02-29 00:18:12,379 ERROR [NiFi logging handler] org.apache.nifi.StdErr Warning: Nashorn engine is planned to be removed from a future JDK release
2024-02-29 00:18:13,460 ERROR [NiFi logging handler] org.apache.nifi.StdErr Warning: Nashorn engine is planned to be removed from a future JDK release
2024-02-29 00:18:13,495 ERROR [NiFi logging handler] org.apache.nifi.StdErr Warning: Nashorn engine is planned to be removed from a future JDK release
2024-02-29 00:18:13,532 ERROR [NiFi logging handler] org.apache.nifi.StdErr Warning: Nashorn engine is planned to be removed from a future JDK release
2024-02-29 00:18:13,583 ERROR [NiFi logging handler] org.apache.nifi.StdErr Warning: Nashorn engine is planned to be removed from a future JDK release
2024-02-29 00:18:13,622 ERROR [NiFi logging handler] org.apache.nifi.StdErr Warning: Nashorn engine is planned to be removed from a future JDK release
2024-02-29 00:18:13,631 ERROR [NiFi logging handler] org.apache.nifi.StdErr Warning: Nashorn engine is planned to be removed from a future JDK release
2024-02-29 00:18:13,639 ERROR [NiFi logging handler] org.apache.nifi.StdErr Warning: Nashorn engine is planned to be removed from a future JDK release
2024-02-29 00:18:13,805 ERROR [NiFi logging handler] org.apache.nifi.StdErr Warning: Nashorn engine is planned to be removed from a future JDK release
2024-02-29 00:18:21,570 ERROR [NiFi logging handler] org.apache.nifi.StdErr WARNING: An illegal reflective access operation has occurred
2024-02-29 00:18:21,571 ERROR [NiFi logging handler] org.apache.nifi.StdErr WARNING: Illegal reflective access by jetbrains.exodus.io.FileDataWriter$Companion$setUninterruptibleMethod$1 (file:/opt/nifi/nifi-current/./work/nar/framework/nifi-framework-nar-1.25.0.nar-unpacked/NAR-INF/bundled-dependencies/xodus-environment-2.0.1.jar) to method sun.nio.ch.FileChannelImpl.setUninterruptible()
2024-02-29 00:18:21,572 ERROR [NiFi logging handler] org.apache.nifi.StdErr WARNING: Please consider reporting this to the maintainers of jetbrains.exodus.io.FileDataWriter$Companion$setUninterruptibleMethod$1
2024-02-29 00:18:21,573 ERROR [NiFi logging handler] org.apache.nifi.StdErr WARNING: Use --illegal-access=warn to enable warnings of further illegal reflective access operations
2024-02-29 00:18:21,573 ERROR [NiFi logging handler] org.apache.nifi.StdErr WARNING: All illegal access operations will be denied in a future release
2024-02-29 00:19:47,719 INFO [main] o.a.n.b.NotificationServiceManager Successfully loaded the following 0 services: []
2024-02-29 00:19:47,723 INFO [main] org.apache.nifi.bootstrap.RunNiFi Registered no Notification Services for Notification Type NIFI_STARTED
2024-02-29 00:19:47,723 INFO [main] org.apache.nifi.bootstrap.RunNiFi Registered no Notification Services for Notification Type NIFI_STOPPED
2024-02-29 00:19:47,724 INFO [main] org.apache.nifi.bootstrap.RunNiFi Registered no Notification Services for Notification Type NIFI_DIED
2024-02-29 00:19:47,745 INFO [main] org.apache.nifi.bootstrap.Command Apache NiFi has accepted the Shutdown Command and is shutting down now
2024-02-29 00:19:47,766 INFO [main] org.apache.nifi.bootstrap.Command NiFi PID [88] shutdown in progress...
2024-02-29 00:19:49,772 INFO [main] org.apache.nifi.bootstrap.Command NiFi PID [88] shutdown in progress...
2024-02-29 00:19:51,446 INFO [main] org.apache.nifi.bootstrap.RunNiFi A shutdown was initiated. Will not restart NiFi
2024-02-29 00:19:51,781 INFO [main] org.apache.nifi.bootstrap.Command NiFi PID [88] shutdown completed
2024-02-29 00:19:55,213 INFO [main] o.a.n.b.NotificationServiceManager Successfully loaded the following 0 services: []
2024-02-29 00:19:55,215 INFO [main] org.apache.nifi.bootstrap.RunNiFi Registered no Notification Services for Notification Type NIFI_STARTED
2024-02-29 00:19:55,215 INFO [main] org.apache.nifi.bootstrap.RunNiFi Registered no Notification Services for Notification Type NIFI_STOPPED
2024-02-29 00:19:55,215 INFO [main] org.apache.nifi.bootstrap.RunNiFi Registered no Notification Services for Notification Type NIFI_DIED
2024-02-29 00:19:55,217 INFO [main] org.apache.nifi.bootstrap.Command Apache NiFi is not currently running
2024-02-29 00:21:29,004 INFO [main] o.a.n.b.NotificationServiceManager Successfully loaded the following 0 services: []
2024-02-29 00:21:29,014 INFO [main] org.apache.nifi.bootstrap.RunNiFi Registered no Notification Services for Notification Type NIFI_STARTED
2024-02-29 00:21:29,017 INFO [main] org.apache.nifi.bootstrap.RunNiFi Registered no Notification Services for Notification Type NIFI_STOPPED
2024-02-29 00:21:29,026 INFO [main] org.apache.nifi.bootstrap.RunNiFi Registered no Notification Services for Notification Type NIFI_DIED
2024-02-29 00:21:29,104 INFO [main] org.apache.nifi.bootstrap.RunNiFi Runtime Java version: 11.0.22
2024-02-29 00:21:29,462 INFO [main] org.apache.nifi.bootstrap.RunNiFi {javaVersion=11.0.22, availableProcessors=8, maxOpenFileDescriptors=1048576, totalPhysicalMemoryMB=10449, minimumHeapSize=1g, maximumHeapSize=1g}
2024-02-29 00:21:29,541 INFO [main] org.apache.nifi.bootstrap.Command Starting Apache NiFi...
2024-02-29 00:21:29,547 INFO [main] org.apache.nifi.bootstrap.Command Working Directory: /opt/nifi/nifi-current
2024-02-29 00:21:29,553 INFO [main] org.apache.nifi.bootstrap.Command Command: /opt/java/openjdk/bin/java -classpath /opt/nifi/nifi-current/./conf:/opt/nifi/nifi-current/./lib/javax.servlet-api-3.1.0.jar:/opt/nifi/nifi-current/./lib/nifi-framework-api-1.25.0.jar:/opt/nifi/nifi-current/./lib/logback-core-1.3.14.jar:/opt/nifi/nifi-current/./lib/nifi-runtime-1.25.0.jar:/opt/nifi/nifi-current/./lib/log4j-over-slf4j-2.0.11.jar:/opt/nifi/nifi-current/./lib/nifi-properties-1.25.0.jar:/opt/nifi/nifi-current/./lib/slf4j-api-2.0.11.jar:/opt/nifi/nifi-current/./lib/nifi-nar-utils-1.25.0.jar:/opt/nifi/nifi-current/./lib/logback-classic-1.3.14.jar:/opt/nifi/nifi-current/./lib/nifi-server-api-1.25.0.jar:/opt/nifi/nifi-current/./lib/jetty-schemas-5.2.jar:/opt/nifi/nifi-current/./lib/jul-to-slf4j-2.0.11.jar:/opt/nifi/nifi-current/./lib/nifi-stateless-api-1.25.0.jar:/opt/nifi/nifi-current/./lib/nifi-api-1.25.0.jar:/opt/nifi/nifi-current/./lib/nifi-per-process-group-logging-1.25.0.jar:/opt/nifi/nifi-current/./lib/nifi-stateless-bootstrap-1.25.0.jar:/opt/nifi/nifi-current/./lib/nifi-property-utils-1.25.0.jar:/opt/nifi/nifi-current/./lib/jcl-over-slf4j-2.0.11.jar:/opt/nifi/nifi-current/./lib/java11/javax.annotation-api-1.3.2.jar:/opt/nifi/nifi-current/./lib/java11/istack-commons-runtime-3.0.12.jar:/opt/nifi/nifi-current/./lib/java11/jakarta.activation-1.2.2.jar:/opt/nifi/nifi-current/./lib/java11/jaxb-runtime-2.3.9.jar:/opt/nifi/nifi-current/./lib/java11/jakarta.xml.bind-api-2.3.3.jar:/opt/nifi/nifi-current/./lib/java11/txw2-2.3.9.jar:/opt/nifi/nifi-current/./lib/java11/jakarta.activation-api-1.2.2.jar -Dorg.apache.jasper.compiler.disablejsr199=true -Xmx1g -Xms1g -Dcurator-log-only-first-connection-issue-as-error-level=true -Djavax.security.auth.useSubjectCredsOnly=true -Djava.security.egd=file:/dev/urandom -Dzookeeper.admin.enableServer=false -Dsun.net.http.allowRestrictedHeaders=true -Djava.net.preferIPv4Stack=true -Djava.awt.headless=true -Djava.protocol.handler.pkgs=sun.net.www.protocol -Dnifi.properties.file.path=/opt/nifi/nifi-current/./conf/nifi.properties -Dnifi.bootstrap.listen.port=34731 -Dapp=NiFi -Dorg.apache.nifi.bootstrap.config.log.dir=/opt/nifi/nifi-current/logs org.apache.nifi.NiFi 
2024-02-29 00:21:29,632 INFO [main] org.apache.nifi.bootstrap.Command Launched Apache NiFi with Process ID 90
2024-02-29 00:21:31,203 INFO [NiFi Bootstrap Command Listener] org.apache.nifi.bootstrap.RunNiFi Apache NiFi now running and listening for Bootstrap requests on port 38781
2024-02-29 00:21:56,775 ERROR [NiFi logging handler] org.apache.nifi.StdErr Warning: Nashorn engine is planned to be removed from a future JDK release
2024-02-29 00:21:57,815 ERROR [NiFi logging handler] org.apache.nifi.StdErr Warning: Nashorn engine is planned to be removed from a future JDK release
2024-02-29 00:21:57,848 ERROR [NiFi logging handler] org.apache.nifi.StdErr Warning: Nashorn engine is planned to be removed from a future JDK release
2024-02-29 00:21:57,897 ERROR [NiFi logging handler] org.apache.nifi.StdErr Warning: Nashorn engine is planned to be removed from a future JDK release
2024-02-29 00:21:57,947 ERROR [NiFi logging handler] org.apache.nifi.StdErr Warning: Nashorn engine is planned to be removed from a future JDK release
2024-02-29 00:21:57,982 ERROR [NiFi logging handler] org.apache.nifi.StdErr Warning: Nashorn engine is planned to be removed from a future JDK release
2024-02-29 00:21:57,995 ERROR [NiFi logging handler] org.apache.nifi.StdErr Warning: Nashorn engine is planned to be removed from a future JDK release
2024-02-29 00:21:58,005 ERROR [NiFi logging handler] org.apache.nifi.StdErr Warning: Nashorn engine is planned to be removed from a future JDK release
2024-02-29 00:21:58,153 ERROR [NiFi logging handler] org.apache.nifi.StdErr Warning: Nashorn engine is planned to be removed from a future JDK release
2024-02-29 00:22:06,214 ERROR [NiFi logging handler] org.apache.nifi.StdErr WARNING: An illegal reflective access operation has occurred
2024-02-29 00:22:06,216 ERROR [NiFi logging handler] org.apache.nifi.StdErr WARNING: Illegal reflective access by jetbrains.exodus.io.FileDataWriter$Companion$setUninterruptibleMethod$1 (file:/opt/nifi/nifi-current/./work/nar/framework/nifi-framework-nar-1.25.0.nar-unpacked/NAR-INF/bundled-dependencies/xodus-environment-2.0.1.jar) to method sun.nio.ch.FileChannelImpl.setUninterruptible()
2024-02-29 00:22:06,218 ERROR [NiFi logging handler] org.apache.nifi.StdErr WARNING: Please consider reporting this to the maintainers of jetbrains.exodus.io.FileDataWriter$Companion$setUninterruptibleMethod$1
2024-02-29 00:22:06,218 ERROR [NiFi logging handler] org.apache.nifi.StdErr WARNING: Use --illegal-access=warn to enable warnings of further illegal reflective access operations
2024-02-29 00:22:06,218 ERROR [NiFi logging handler] org.apache.nifi.StdErr WARNING: All illegal access operations will be denied in a future release
2024-02-29 00:23:19,204 INFO [main] o.a.n.b.NotificationServiceManager Successfully loaded the following 0 services: []
2024-02-29 00:23:19,219 INFO [main] org.apache.nifi.bootstrap.RunNiFi Registered no Notification Services for Notification Type NIFI_STARTED
2024-02-29 00:23:19,221 INFO [main] org.apache.nifi.bootstrap.RunNiFi Registered no Notification Services for Notification Type NIFI_STOPPED
2024-02-29 00:23:19,222 INFO [main] org.apache.nifi.bootstrap.RunNiFi Registered no Notification Services for Notification Type NIFI_DIED
2024-02-29 00:23:19,241 INFO [main] org.apache.nifi.bootstrap.RunNiFi Runtime Java version: 11.0.22
2024-02-29 00:23:19,619 INFO [main] org.apache.nifi.bootstrap.RunNiFi {javaVersion=11.0.22, availableProcessors=8, maxOpenFileDescriptors=1048576, totalPhysicalMemoryMB=10449, minimumHeapSize=1g, maximumHeapSize=1g}
2024-02-29 00:23:19,646 INFO [main] org.apache.nifi.bootstrap.Command Starting Apache NiFi...
2024-02-29 00:23:19,648 INFO [main] org.apache.nifi.bootstrap.Command Working Directory: /opt/nifi/nifi-current
2024-02-29 00:23:19,649 INFO [main] org.apache.nifi.bootstrap.Command Command: /opt/java/openjdk/bin/java -classpath /opt/nifi/nifi-current/./conf:/opt/nifi/nifi-current/./lib/javax.servlet-api-3.1.0.jar:/opt/nifi/nifi-current/./lib/nifi-framework-api-1.25.0.jar:/opt/nifi/nifi-current/./lib/logback-core-1.3.14.jar:/opt/nifi/nifi-current/./lib/nifi-runtime-1.25.0.jar:/opt/nifi/nifi-current/./lib/log4j-over-slf4j-2.0.11.jar:/opt/nifi/nifi-current/./lib/nifi-properties-1.25.0.jar:/opt/nifi/nifi-current/./lib/slf4j-api-2.0.11.jar:/opt/nifi/nifi-current/./lib/nifi-nar-utils-1.25.0.jar:/opt/nifi/nifi-current/./lib/logback-classic-1.3.14.jar:/opt/nifi/nifi-current/./lib/nifi-server-api-1.25.0.jar:/opt/nifi/nifi-current/./lib/jetty-schemas-5.2.jar:/opt/nifi/nifi-current/./lib/jul-to-slf4j-2.0.11.jar:/opt/nifi/nifi-current/./lib/nifi-stateless-api-1.25.0.jar:/opt/nifi/nifi-current/./lib/nifi-api-1.25.0.jar:/opt/nifi/nifi-current/./lib/nifi-per-process-group-logging-1.25.0.jar:/opt/nifi/nifi-current/./lib/nifi-stateless-bootstrap-1.25.0.jar:/opt/nifi/nifi-current/./lib/nifi-property-utils-1.25.0.jar:/opt/nifi/nifi-current/./lib/jcl-over-slf4j-2.0.11.jar:/opt/nifi/nifi-current/./lib/java11/javax.annotation-api-1.3.2.jar:/opt/nifi/nifi-current/./lib/java11/istack-commons-runtime-3.0.12.jar:/opt/nifi/nifi-current/./lib/java11/jakarta.activation-1.2.2.jar:/opt/nifi/nifi-current/./lib/java11/jaxb-runtime-2.3.9.jar:/opt/nifi/nifi-current/./lib/java11/jakarta.xml.bind-api-2.3.3.jar:/opt/nifi/nifi-current/./lib/java11/txw2-2.3.9.jar:/opt/nifi/nifi-current/./lib/java11/jakarta.activation-api-1.2.2.jar -Dorg.apache.jasper.compiler.disablejsr199=true -Xmx1g -Xms1g -Dcurator-log-only-first-connection-issue-as-error-level=true -Djavax.security.auth.useSubjectCredsOnly=true -Djava.security.egd=file:/dev/urandom -Dzookeeper.admin.enableServer=false -Dsun.net.http.allowRestrictedHeaders=true -Djava.net.preferIPv4Stack=true -Djava.awt.headless=true -Djava.protocol.handler.pkgs=sun.net.www.protocol -Dnifi.properties.file.path=/opt/nifi/nifi-current/./conf/nifi.properties -Dnifi.bootstrap.listen.port=35185 -Dapp=NiFi -Dorg.apache.nifi.bootstrap.config.log.dir=/opt/nifi/nifi-current/logs org.apache.nifi.NiFi 
2024-02-29 00:23:19,740 INFO [main] org.apache.nifi.bootstrap.Command Launched Apache NiFi with Process ID 90
2024-02-29 00:23:21,486 INFO [NiFi Bootstrap Command Listener] org.apache.nifi.bootstrap.RunNiFi Apache NiFi now running and listening for Bootstrap requests on port 33465
2024-02-29 00:23:44,921 ERROR [NiFi logging handler] org.apache.nifi.StdErr Warning: Nashorn engine is planned to be removed from a future JDK release
2024-02-29 00:23:45,815 ERROR [NiFi logging handler] org.apache.nifi.StdErr Warning: Nashorn engine is planned to be removed from a future JDK release
2024-02-29 00:23:45,853 ERROR [NiFi logging handler] org.apache.nifi.StdErr Warning: Nashorn engine is planned to be removed from a future JDK release
2024-02-29 00:23:45,900 ERROR [NiFi logging handler] org.apache.nifi.StdErr Warning: Nashorn engine is planned to be removed from a future JDK release
2024-02-29 00:23:45,953 ERROR [NiFi logging handler] org.apache.nifi.StdErr Warning: Nashorn engine is planned to be removed from a future JDK release
2024-02-29 00:23:45,988 ERROR [NiFi logging handler] org.apache.nifi.StdErr Warning: Nashorn engine is planned to be removed from a future JDK release
2024-02-29 00:23:45,997 ERROR [NiFi logging handler] org.apache.nifi.StdErr Warning: Nashorn engine is planned to be removed from a future JDK release
2024-02-29 00:23:46,005 ERROR [NiFi logging handler] org.apache.nifi.StdErr Warning: Nashorn engine is planned to be removed from a future JDK release
2024-02-29 00:23:46,111 ERROR [NiFi logging handler] org.apache.nifi.StdErr Warning: Nashorn engine is planned to be removed from a future JDK release
2024-02-29 00:23:53,282 ERROR [NiFi logging handler] org.apache.nifi.StdErr WARNING: An illegal reflective access operation has occurred
2024-02-29 00:23:53,287 ERROR [NiFi logging handler] org.apache.nifi.StdErr WARNING: Illegal reflective access by jetbrains.exodus.io.FileDataWriter$Companion$setUninterruptibleMethod$1 (file:/opt/nifi/nifi-current/./work/nar/framework/nifi-framework-nar-1.25.0.nar-unpacked/NAR-INF/bundled-dependencies/xodus-environment-2.0.1.jar) to method sun.nio.ch.FileChannelImpl.setUninterruptible()
2024-02-29 00:23:53,288 ERROR [NiFi logging handler] org.apache.nifi.StdErr WARNING: Please consider reporting this to the maintainers of jetbrains.exodus.io.FileDataWriter$Companion$setUninterruptibleMethod$1
2024-02-29 00:23:53,289 ERROR [NiFi logging handler] org.apache.nifi.StdErr WARNING: Use --illegal-access=warn to enable warnings of further illegal reflective access operations
2024-02-29 00:23:53,291 ERROR [NiFi logging handler] org.apache.nifi.StdErr WARNING: All illegal access operations will be denied in a future release
2024-02-29 00:25:18,837 INFO [main] o.a.n.b.NotificationServiceManager Successfully loaded the following 0 services: []
2024-02-29 00:25:18,848 INFO [main] org.apache.nifi.bootstrap.RunNiFi Registered no Notification Services for Notification Type NIFI_STARTED
2024-02-29 00:25:18,853 INFO [main] org.apache.nifi.bootstrap.RunNiFi Registered no Notification Services for Notification Type NIFI_STOPPED
2024-02-29 00:25:18,877 INFO [main] org.apache.nifi.bootstrap.RunNiFi Registered no Notification Services for Notification Type NIFI_DIED
2024-02-29 00:25:18,906 INFO [main] org.apache.nifi.bootstrap.RunNiFi Runtime Java version: 11.0.22
2024-02-29 00:25:19,388 INFO [main] org.apache.nifi.bootstrap.RunNiFi {javaVersion=11.0.22, availableProcessors=8, maxOpenFileDescriptors=1048576, totalPhysicalMemoryMB=10449, minimumHeapSize=1g, maximumHeapSize=1g}
2024-02-29 00:25:19,462 INFO [main] org.apache.nifi.bootstrap.Command Starting Apache NiFi...
2024-02-29 00:25:19,478 INFO [main] org.apache.nifi.bootstrap.Command Working Directory: /opt/nifi/nifi-current
2024-02-29 00:25:19,486 INFO [main] org.apache.nifi.bootstrap.Command Command: /opt/java/openjdk/bin/java -classpath /opt/nifi/nifi-current/./conf:/opt/nifi/nifi-current/./lib/javax.servlet-api-3.1.0.jar:/opt/nifi/nifi-current/./lib/nifi-framework-api-1.25.0.jar:/opt/nifi/nifi-current/./lib/logback-core-1.3.14.jar:/opt/nifi/nifi-current/./lib/nifi-runtime-1.25.0.jar:/opt/nifi/nifi-current/./lib/log4j-over-slf4j-2.0.11.jar:/opt/nifi/nifi-current/./lib/nifi-properties-1.25.0.jar:/opt/nifi/nifi-current/./lib/slf4j-api-2.0.11.jar:/opt/nifi/nifi-current/./lib/nifi-nar-utils-1.25.0.jar:/opt/nifi/nifi-current/./lib/logback-classic-1.3.14.jar:/opt/nifi/nifi-current/./lib/nifi-server-api-1.25.0.jar:/opt/nifi/nifi-current/./lib/jetty-schemas-5.2.jar:/opt/nifi/nifi-current/./lib/jul-to-slf4j-2.0.11.jar:/opt/nifi/nifi-current/./lib/nifi-stateless-api-1.25.0.jar:/opt/nifi/nifi-current/./lib/nifi-api-1.25.0.jar:/opt/nifi/nifi-current/./lib/nifi-per-process-group-logging-1.25.0.jar:/opt/nifi/nifi-current/./lib/nifi-stateless-bootstrap-1.25.0.jar:/opt/nifi/nifi-current/./lib/nifi-property-utils-1.25.0.jar:/opt/nifi/nifi-current/./lib/jcl-over-slf4j-2.0.11.jar:/opt/nifi/nifi-current/./lib/java11/javax.annotation-api-1.3.2.jar:/opt/nifi/nifi-current/./lib/java11/istack-commons-runtime-3.0.12.jar:/opt/nifi/nifi-current/./lib/java11/jakarta.activation-1.2.2.jar:/opt/nifi/nifi-current/./lib/java11/jaxb-runtime-2.3.9.jar:/opt/nifi/nifi-current/./lib/java11/jakarta.xml.bind-api-2.3.3.jar:/opt/nifi/nifi-current/./lib/java11/txw2-2.3.9.jar:/opt/nifi/nifi-current/./lib/java11/jakarta.activation-api-1.2.2.jar -Dorg.apache.jasper.compiler.disablejsr199=true -Xmx1g -Xms1g -Dcurator-log-only-first-connection-issue-as-error-level=true -Djavax.security.auth.useSubjectCredsOnly=true -Djava.security.egd=file:/dev/urandom -Dzookeeper.admin.enableServer=false -Dsun.net.http.allowRestrictedHeaders=true -Djava.net.preferIPv4Stack=true -Djava.awt.headless=true -Djava.protocol.handler.pkgs=sun.net.www.protocol -Dnifi.properties.file.path=/opt/nifi/nifi-current/./conf/nifi.properties -Dnifi.bootstrap.listen.port=39519 -Dapp=NiFi -Dorg.apache.nifi.bootstrap.config.log.dir=/opt/nifi/nifi-current/logs org.apache.nifi.NiFi 
2024-02-29 00:25:19,577 INFO [main] org.apache.nifi.bootstrap.Command Launched Apache NiFi with Process ID 88
2024-02-29 00:25:20,753 INFO [NiFi Bootstrap Command Listener] org.apache.nifi.bootstrap.RunNiFi Apache NiFi now running and listening for Bootstrap requests on port 33741
2024-02-29 00:25:45,139 ERROR [NiFi logging handler] org.apache.nifi.StdErr Warning: Nashorn engine is planned to be removed from a future JDK release
2024-02-29 00:25:46,250 ERROR [NiFi logging handler] org.apache.nifi.StdErr Warning: Nashorn engine is planned to be removed from a future JDK release
2024-02-29 00:25:46,315 ERROR [NiFi logging handler] org.apache.nifi.StdErr Warning: Nashorn engine is planned to be removed from a future JDK release
2024-02-29 00:25:46,377 ERROR [NiFi logging handler] org.apache.nifi.StdErr Warning: Nashorn engine is planned to be removed from a future JDK release
2024-02-29 00:25:46,429 ERROR [NiFi logging handler] org.apache.nifi.StdErr Warning: Nashorn engine is planned to be removed from a future JDK release
2024-02-29 00:25:46,467 ERROR [NiFi logging handler] org.apache.nifi.StdErr Warning: Nashorn engine is planned to be removed from a future JDK release
2024-02-29 00:25:46,475 ERROR [NiFi logging handler] org.apache.nifi.StdErr Warning: Nashorn engine is planned to be removed from a future JDK release
2024-02-29 00:25:46,482 ERROR [NiFi logging handler] org.apache.nifi.StdErr Warning: Nashorn engine is planned to be removed from a future JDK release
2024-02-29 00:25:46,593 ERROR [NiFi logging handler] org.apache.nifi.StdErr Warning: Nashorn engine is planned to be removed from a future JDK release
2024-02-29 00:25:53,514 ERROR [NiFi logging handler] org.apache.nifi.StdErr WARNING: An illegal reflective access operation has occurred
2024-02-29 00:25:53,516 ERROR [NiFi logging handler] org.apache.nifi.StdErr WARNING: Illegal reflective access by jetbrains.exodus.io.FileDataWriter$Companion$setUninterruptibleMethod$1 (file:/opt/nifi/nifi-current/./work/nar/framework/nifi-framework-nar-1.25.0.nar-unpacked/NAR-INF/bundled-dependencies/xodus-environment-2.0.1.jar) to method sun.nio.ch.FileChannelImpl.setUninterruptible()
2024-02-29 00:25:53,517 ERROR [NiFi logging handler] org.apache.nifi.StdErr WARNING: Please consider reporting this to the maintainers of jetbrains.exodus.io.FileDataWriter$Companion$setUninterruptibleMethod$1
2024-02-29 00:25:53,518 ERROR [NiFi logging handler] org.apache.nifi.StdErr WARNING: Use --illegal-access=warn to enable warnings of further illegal reflective access operations
2024-02-29 00:25:53,518 ERROR [NiFi logging handler] org.apache.nifi.StdErr WARNING: All illegal access operations will be denied in a future release
2024-02-29 00:30:12,025 INFO [main] o.a.n.b.NotificationServiceManager Successfully loaded the following 0 services: []
2024-02-29 00:30:12,033 INFO [main] org.apache.nifi.bootstrap.RunNiFi Registered no Notification Services for Notification Type NIFI_STARTED
2024-02-29 00:30:12,034 INFO [main] org.apache.nifi.bootstrap.RunNiFi Registered no Notification Services for Notification Type NIFI_STOPPED
2024-02-29 00:30:12,034 INFO [main] org.apache.nifi.bootstrap.RunNiFi Registered no Notification Services for Notification Type NIFI_DIED
2024-02-29 00:30:12,095 INFO [main] org.apache.nifi.bootstrap.RunNiFi Runtime Java version: 11.0.22
2024-02-29 00:30:12,376 INFO [main] org.apache.nifi.bootstrap.RunNiFi {javaVersion=11.0.22, availableProcessors=8, maxOpenFileDescriptors=1048576, totalPhysicalMemoryMB=10449, minimumHeapSize=1g, maximumHeapSize=1g}
2024-02-29 00:30:12,442 INFO [main] org.apache.nifi.bootstrap.Command Starting Apache NiFi...
2024-02-29 00:30:12,445 INFO [main] org.apache.nifi.bootstrap.Command Working Directory: /opt/nifi/nifi-current
2024-02-29 00:30:12,447 INFO [main] org.apache.nifi.bootstrap.Command Command: /opt/java/openjdk/bin/java -classpath /opt/nifi/nifi-current/./conf:/opt/nifi/nifi-current/./lib/javax.servlet-api-3.1.0.jar:/opt/nifi/nifi-current/./lib/nifi-framework-api-1.25.0.jar:/opt/nifi/nifi-current/./lib/logback-core-1.3.14.jar:/opt/nifi/nifi-current/./lib/nifi-runtime-1.25.0.jar:/opt/nifi/nifi-current/./lib/log4j-over-slf4j-2.0.11.jar:/opt/nifi/nifi-current/./lib/nifi-properties-1.25.0.jar:/opt/nifi/nifi-current/./lib/slf4j-api-2.0.11.jar:/opt/nifi/nifi-current/./lib/nifi-nar-utils-1.25.0.jar:/opt/nifi/nifi-current/./lib/logback-classic-1.3.14.jar:/opt/nifi/nifi-current/./lib/nifi-server-api-1.25.0.jar:/opt/nifi/nifi-current/./lib/jetty-schemas-5.2.jar:/opt/nifi/nifi-current/./lib/jul-to-slf4j-2.0.11.jar:/opt/nifi/nifi-current/./lib/nifi-stateless-api-1.25.0.jar:/opt/nifi/nifi-current/./lib/nifi-api-1.25.0.jar:/opt/nifi/nifi-current/./lib/nifi-per-process-group-logging-1.25.0.jar:/opt/nifi/nifi-current/./lib/nifi-stateless-bootstrap-1.25.0.jar:/opt/nifi/nifi-current/./lib/nifi-property-utils-1.25.0.jar:/opt/nifi/nifi-current/./lib/jcl-over-slf4j-2.0.11.jar:/opt/nifi/nifi-current/./lib/java11/javax.annotation-api-1.3.2.jar:/opt/nifi/nifi-current/./lib/java11/istack-commons-runtime-3.0.12.jar:/opt/nifi/nifi-current/./lib/java11/jakarta.activation-1.2.2.jar:/opt/nifi/nifi-current/./lib/java11/jaxb-runtime-2.3.9.jar:/opt/nifi/nifi-current/./lib/java11/jakarta.xml.bind-api-2.3.3.jar:/opt/nifi/nifi-current/./lib/java11/txw2-2.3.9.jar:/opt/nifi/nifi-current/./lib/java11/jakarta.activation-api-1.2.2.jar -Dorg.apache.jasper.compiler.disablejsr199=true -Xmx1g -Xms1g -Dcurator-log-only-first-connection-issue-as-error-level=true -Djavax.security.auth.useSubjectCredsOnly=true -Djava.security.egd=file:/dev/urandom -Dzookeeper.admin.enableServer=false -Dsun.net.http.allowRestrictedHeaders=true -Djava.net.preferIPv4Stack=true -Djava.awt.headless=true -Djava.protocol.handler.pkgs=sun.net.www.protocol -Dnifi.properties.file.path=/opt/nifi/nifi-current/./conf/nifi.properties -Dnifi.bootstrap.listen.port=40697 -Dapp=NiFi -Dorg.apache.nifi.bootstrap.config.log.dir=/opt/nifi/nifi-current/logs org.apache.nifi.NiFi 
2024-02-29 00:30:12,529 INFO [main] org.apache.nifi.bootstrap.Command Launched Apache NiFi with Process ID 89
2024-02-29 00:30:13,904 INFO [NiFi Bootstrap Command Listener] org.apache.nifi.bootstrap.RunNiFi Apache NiFi now running and listening for Bootstrap requests on port 35153
2024-02-29 00:30:37,398 ERROR [NiFi logging handler] org.apache.nifi.StdErr Warning: Nashorn engine is planned to be removed from a future JDK release
2024-02-29 00:30:38,379 ERROR [NiFi logging handler] org.apache.nifi.StdErr Warning: Nashorn engine is planned to be removed from a future JDK release
2024-02-29 00:30:38,415 ERROR [NiFi logging handler] org.apache.nifi.StdErr Warning: Nashorn engine is planned to be removed from a future JDK release
2024-02-29 00:30:38,447 ERROR [NiFi logging handler] org.apache.nifi.StdErr Warning: Nashorn engine is planned to be removed from a future JDK release
2024-02-29 00:30:38,484 ERROR [NiFi logging handler] org.apache.nifi.StdErr Warning: Nashorn engine is planned to be removed from a future JDK release
2024-02-29 00:30:38,513 ERROR [NiFi logging handler] org.apache.nifi.StdErr Warning: Nashorn engine is planned to be removed from a future JDK release
2024-02-29 00:30:38,519 ERROR [NiFi logging handler] org.apache.nifi.StdErr Warning: Nashorn engine is planned to be removed from a future JDK release
2024-02-29 00:30:38,525 ERROR [NiFi logging handler] org.apache.nifi.StdErr Warning: Nashorn engine is planned to be removed from a future JDK release
2024-02-29 00:30:38,625 ERROR [NiFi logging handler] org.apache.nifi.StdErr Warning: Nashorn engine is planned to be removed from a future JDK release
2024-02-29 00:31:03,175 INFO [main] o.a.n.b.NotificationServiceManager Successfully loaded the following 0 services: []
2024-02-29 00:31:03,181 INFO [main] org.apache.nifi.bootstrap.RunNiFi Registered no Notification Services for Notification Type NIFI_STARTED
2024-02-29 00:31:03,182 INFO [main] org.apache.nifi.bootstrap.RunNiFi Registered no Notification Services for Notification Type NIFI_STOPPED
2024-02-29 00:31:03,185 INFO [main] org.apache.nifi.bootstrap.RunNiFi Registered no Notification Services for Notification Type NIFI_DIED
2024-02-29 00:31:03,225 INFO [main] org.apache.nifi.bootstrap.RunNiFi Runtime Java version: 11.0.22
2024-02-29 00:31:03,836 INFO [main] org.apache.nifi.bootstrap.RunNiFi {javaVersion=11.0.22, availableProcessors=8, maxOpenFileDescriptors=1048576, totalPhysicalMemoryMB=10449, minimumHeapSize=1g, maximumHeapSize=1g}
2024-02-29 00:31:03,968 INFO [main] org.apache.nifi.bootstrap.Command Starting Apache NiFi...
2024-02-29 00:31:03,992 INFO [main] org.apache.nifi.bootstrap.Command Working Directory: /opt/nifi/nifi-current
2024-02-29 00:31:03,998 INFO [main] org.apache.nifi.bootstrap.Command Command: /opt/java/openjdk/bin/java -classpath /opt/nifi/nifi-current/./conf:/opt/nifi/nifi-current/./lib/javax.servlet-api-3.1.0.jar:/opt/nifi/nifi-current/./lib/nifi-framework-api-1.25.0.jar:/opt/nifi/nifi-current/./lib/logback-core-1.3.14.jar:/opt/nifi/nifi-current/./lib/nifi-runtime-1.25.0.jar:/opt/nifi/nifi-current/./lib/log4j-over-slf4j-2.0.11.jar:/opt/nifi/nifi-current/./lib/nifi-properties-1.25.0.jar:/opt/nifi/nifi-current/./lib/slf4j-api-2.0.11.jar:/opt/nifi/nifi-current/./lib/nifi-nar-utils-1.25.0.jar:/opt/nifi/nifi-current/./lib/logback-classic-1.3.14.jar:/opt/nifi/nifi-current/./lib/nifi-server-api-1.25.0.jar:/opt/nifi/nifi-current/./lib/jetty-schemas-5.2.jar:/opt/nifi/nifi-current/./lib/jul-to-slf4j-2.0.11.jar:/opt/nifi/nifi-current/./lib/nifi-stateless-api-1.25.0.jar:/opt/nifi/nifi-current/./lib/nifi-api-1.25.0.jar:/opt/nifi/nifi-current/./lib/nifi-per-process-group-logging-1.25.0.jar:/opt/nifi/nifi-current/./lib/nifi-stateless-bootstrap-1.25.0.jar:/opt/nifi/nifi-current/./lib/nifi-property-utils-1.25.0.jar:/opt/nifi/nifi-current/./lib/jcl-over-slf4j-2.0.11.jar:/opt/nifi/nifi-current/./lib/java11/javax.annotation-api-1.3.2.jar:/opt/nifi/nifi-current/./lib/java11/istack-commons-runtime-3.0.12.jar:/opt/nifi/nifi-current/./lib/java11/jakarta.activation-1.2.2.jar:/opt/nifi/nifi-current/./lib/java11/jaxb-runtime-2.3.9.jar:/opt/nifi/nifi-current/./lib/java11/jakarta.xml.bind-api-2.3.3.jar:/opt/nifi/nifi-current/./lib/java11/txw2-2.3.9.jar:/opt/nifi/nifi-current/./lib/java11/jakarta.activation-api-1.2.2.jar -Dorg.apache.jasper.compiler.disablejsr199=true -Xmx1g -Xms1g -Dcurator-log-only-first-connection-issue-as-error-level=true -Djavax.security.auth.useSubjectCredsOnly=true -Djava.security.egd=file:/dev/urandom -Dzookeeper.admin.enableServer=false -Dsun.net.http.allowRestrictedHeaders=true -Djava.net.preferIPv4Stack=true -Djava.awt.headless=true -Djava.protocol.handler.pkgs=sun.net.www.protocol -Dnifi.properties.file.path=/opt/nifi/nifi-current/./conf/nifi.properties -Dnifi.bootstrap.listen.port=46115 -Dapp=NiFi -Dorg.apache.nifi.bootstrap.config.log.dir=/opt/nifi/nifi-current/logs org.apache.nifi.NiFi 
2024-02-29 00:31:04,269 INFO [main] org.apache.nifi.bootstrap.Command Launched Apache NiFi with Process ID 90
2024-02-29 00:31:05,510 INFO [NiFi Bootstrap Command Listener] org.apache.nifi.bootstrap.RunNiFi Apache NiFi now running and listening for Bootstrap requests on port 44431
2024-02-29 00:31:27,797 ERROR [NiFi logging handler] org.apache.nifi.StdErr Warning: Nashorn engine is planned to be removed from a future JDK release
2024-02-29 00:31:28,948 ERROR [NiFi logging handler] org.apache.nifi.StdErr Warning: Nashorn engine is planned to be removed from a future JDK release
2024-02-29 00:31:28,989 ERROR [NiFi logging handler] org.apache.nifi.StdErr Warning: Nashorn engine is planned to be removed from a future JDK release
2024-02-29 00:31:29,025 ERROR [NiFi logging handler] org.apache.nifi.StdErr Warning: Nashorn engine is planned to be removed from a future JDK release
2024-02-29 00:31:29,065 ERROR [NiFi logging handler] org.apache.nifi.StdErr Warning: Nashorn engine is planned to be removed from a future JDK release
2024-02-29 00:31:29,093 ERROR [NiFi logging handler] org.apache.nifi.StdErr Warning: Nashorn engine is planned to be removed from a future JDK release
2024-02-29 00:31:29,100 ERROR [NiFi logging handler] org.apache.nifi.StdErr Warning: Nashorn engine is planned to be removed from a future JDK release
2024-02-29 00:31:29,109 ERROR [NiFi logging handler] org.apache.nifi.StdErr Warning: Nashorn engine is planned to be removed from a future JDK release
2024-02-29 00:31:29,333 ERROR [NiFi logging handler] org.apache.nifi.StdErr Warning: Nashorn engine is planned to be removed from a future JDK release
2024-02-29 00:31:36,523 ERROR [NiFi logging handler] org.apache.nifi.StdErr WARNING: An illegal reflective access operation has occurred
2024-02-29 00:31:36,523 ERROR [NiFi logging handler] org.apache.nifi.StdErr WARNING: Illegal reflective access by jetbrains.exodus.io.FileDataWriter$Companion$setUninterruptibleMethod$1 (file:/opt/nifi/nifi-current/./work/nar/framework/nifi-framework-nar-1.25.0.nar-unpacked/NAR-INF/bundled-dependencies/xodus-environment-2.0.1.jar) to method sun.nio.ch.FileChannelImpl.setUninterruptible()
2024-02-29 00:31:36,524 ERROR [NiFi logging handler] org.apache.nifi.StdErr WARNING: Please consider reporting this to the maintainers of jetbrains.exodus.io.FileDataWriter$Companion$setUninterruptibleMethod$1
2024-02-29 00:31:36,524 ERROR [NiFi logging handler] org.apache.nifi.StdErr WARNING: Use --illegal-access=warn to enable warnings of further illegal reflective access operations
2024-02-29 00:31:36,525 ERROR [NiFi logging handler] org.apache.nifi.StdErr WARNING: All illegal access operations will be denied in a future release
2024-02-29 00:31:50,805 INFO [main] o.a.n.b.NotificationServiceManager Successfully loaded the following 0 services: []
2024-02-29 00:31:50,816 INFO [main] org.apache.nifi.bootstrap.RunNiFi Registered no Notification Services for Notification Type NIFI_STARTED
2024-02-29 00:31:50,817 INFO [main] org.apache.nifi.bootstrap.RunNiFi Registered no Notification Services for Notification Type NIFI_STOPPED
2024-02-29 00:31:50,818 INFO [main] org.apache.nifi.bootstrap.RunNiFi Registered no Notification Services for Notification Type NIFI_DIED
2024-02-29 00:31:50,895 INFO [main] org.apache.nifi.bootstrap.RunNiFi Runtime Java version: 11.0.22
2024-02-29 00:31:51,168 INFO [main] org.apache.nifi.bootstrap.RunNiFi {javaVersion=11.0.22, availableProcessors=8, maxOpenFileDescriptors=1048576, totalPhysicalMemoryMB=10449, minimumHeapSize=1g, maximumHeapSize=1g}
2024-02-29 00:31:51,180 INFO [main] org.apache.nifi.bootstrap.Command Starting Apache NiFi...
2024-02-29 00:31:51,186 INFO [main] org.apache.nifi.bootstrap.Command Working Directory: /opt/nifi/nifi-current
2024-02-29 00:31:51,187 INFO [main] org.apache.nifi.bootstrap.Command Command: /opt/java/openjdk/bin/java -classpath /opt/nifi/nifi-current/./conf:/opt/nifi/nifi-current/./lib/javax.servlet-api-3.1.0.jar:/opt/nifi/nifi-current/./lib/nifi-framework-api-1.25.0.jar:/opt/nifi/nifi-current/./lib/logback-core-1.3.14.jar:/opt/nifi/nifi-current/./lib/nifi-runtime-1.25.0.jar:/opt/nifi/nifi-current/./lib/log4j-over-slf4j-2.0.11.jar:/opt/nifi/nifi-current/./lib/nifi-properties-1.25.0.jar:/opt/nifi/nifi-current/./lib/slf4j-api-2.0.11.jar:/opt/nifi/nifi-current/./lib/nifi-nar-utils-1.25.0.jar:/opt/nifi/nifi-current/./lib/logback-classic-1.3.14.jar:/opt/nifi/nifi-current/./lib/nifi-server-api-1.25.0.jar:/opt/nifi/nifi-current/./lib/jetty-schemas-5.2.jar:/opt/nifi/nifi-current/./lib/jul-to-slf4j-2.0.11.jar:/opt/nifi/nifi-current/./lib/nifi-stateless-api-1.25.0.jar:/opt/nifi/nifi-current/./lib/nifi-api-1.25.0.jar:/opt/nifi/nifi-current/./lib/nifi-per-process-group-logging-1.25.0.jar:/opt/nifi/nifi-current/./lib/nifi-stateless-bootstrap-1.25.0.jar:/opt/nifi/nifi-current/./lib/nifi-property-utils-1.25.0.jar:/opt/nifi/nifi-current/./lib/jcl-over-slf4j-2.0.11.jar:/opt/nifi/nifi-current/./lib/java11/javax.annotation-api-1.3.2.jar:/opt/nifi/nifi-current/./lib/java11/istack-commons-runtime-3.0.12.jar:/opt/nifi/nifi-current/./lib/java11/jakarta.activation-1.2.2.jar:/opt/nifi/nifi-current/./lib/java11/jaxb-runtime-2.3.9.jar:/opt/nifi/nifi-current/./lib/java11/jakarta.xml.bind-api-2.3.3.jar:/opt/nifi/nifi-current/./lib/java11/txw2-2.3.9.jar:/opt/nifi/nifi-current/./lib/java11/jakarta.activation-api-1.2.2.jar -Dorg.apache.jasper.compiler.disablejsr199=true -Xmx1g -Xms1g -Dcurator-log-only-first-connection-issue-as-error-level=true -Djavax.security.auth.useSubjectCredsOnly=true -Djava.security.egd=file:/dev/urandom -Dzookeeper.admin.enableServer=false -Dsun.net.http.allowRestrictedHeaders=true -Djava.net.preferIPv4Stack=true -Djava.awt.headless=true -Djava.protocol.handler.pkgs=sun.net.www.protocol -Dnifi.properties.file.path=/opt/nifi/nifi-current/./conf/nifi.properties -Dnifi.bootstrap.listen.port=45257 -Dapp=NiFi -Dorg.apache.nifi.bootstrap.config.log.dir=/opt/nifi/nifi-current/logs org.apache.nifi.NiFi 
2024-02-29 00:31:51,256 INFO [main] org.apache.nifi.bootstrap.Command Launched Apache NiFi with Process ID 90
2024-02-29 00:31:52,331 INFO [NiFi Bootstrap Command Listener] org.apache.nifi.bootstrap.RunNiFi Apache NiFi now running and listening for Bootstrap requests on port 36279
2024-02-29 00:32:06,410 ERROR [NiFi logging handler] org.apache.nifi.StdErr WARNING: An illegal reflective access operation has occurred
2024-02-29 00:32:06,413 ERROR [NiFi logging handler] org.apache.nifi.StdErr WARNING: Illegal reflective access by jetbrains.exodus.io.FileDataWriter$Companion$setUninterruptibleMethod$1 (file:/opt/nifi/nifi-current/./work/nar/framework/nifi-framework-nar-1.25.0.nar-unpacked/NAR-INF/bundled-dependencies/xodus-environment-2.0.1.jar) to method sun.nio.ch.FileChannelImpl.setUninterruptible()
2024-02-29 00:32:06,417 ERROR [NiFi logging handler] org.apache.nifi.StdErr WARNING: Please consider reporting this to the maintainers of jetbrains.exodus.io.FileDataWriter$Companion$setUninterruptibleMethod$1
2024-02-29 00:32:06,417 ERROR [NiFi logging handler] org.apache.nifi.StdErr WARNING: Use --illegal-access=warn to enable warnings of further illegal reflective access operations
2024-02-29 00:32:06,418 ERROR [NiFi logging handler] org.apache.nifi.StdErr WARNING: All illegal access operations will be denied in a future release
2024-02-29 00:34:47,360 INFO [main] o.a.n.b.NotificationServiceManager Successfully loaded the following 0 services: []
2024-02-29 00:34:47,366 INFO [main] org.apache.nifi.bootstrap.RunNiFi Registered no Notification Services for Notification Type NIFI_STARTED
2024-02-29 00:34:47,369 INFO [main] org.apache.nifi.bootstrap.RunNiFi Registered no Notification Services for Notification Type NIFI_STOPPED
2024-02-29 00:34:47,370 INFO [main] org.apache.nifi.bootstrap.RunNiFi Registered no Notification Services for Notification Type NIFI_DIED
2024-02-29 00:34:47,396 INFO [main] org.apache.nifi.bootstrap.RunNiFi Runtime Java version: 11.0.22
2024-02-29 00:34:47,827 INFO [main] org.apache.nifi.bootstrap.RunNiFi {javaVersion=11.0.22, availableProcessors=8, maxOpenFileDescriptors=1048576, totalPhysicalMemoryMB=10449, minimumHeapSize=1g, maximumHeapSize=1g}
2024-02-29 00:34:47,903 INFO [main] org.apache.nifi.bootstrap.Command Starting Apache NiFi...
2024-02-29 00:34:47,905 INFO [main] org.apache.nifi.bootstrap.Command Working Directory: /opt/nifi/nifi-current
2024-02-29 00:34:47,911 INFO [main] org.apache.nifi.bootstrap.Command Command: /opt/java/openjdk/bin/java -classpath /opt/nifi/nifi-current/./conf:/opt/nifi/nifi-current/./lib/javax.servlet-api-3.1.0.jar:/opt/nifi/nifi-current/./lib/nifi-framework-api-1.25.0.jar:/opt/nifi/nifi-current/./lib/logback-core-1.3.14.jar:/opt/nifi/nifi-current/./lib/nifi-runtime-1.25.0.jar:/opt/nifi/nifi-current/./lib/log4j-over-slf4j-2.0.11.jar:/opt/nifi/nifi-current/./lib/nifi-properties-1.25.0.jar:/opt/nifi/nifi-current/./lib/slf4j-api-2.0.11.jar:/opt/nifi/nifi-current/./lib/nifi-nar-utils-1.25.0.jar:/opt/nifi/nifi-current/./lib/logback-classic-1.3.14.jar:/opt/nifi/nifi-current/./lib/nifi-server-api-1.25.0.jar:/opt/nifi/nifi-current/./lib/jetty-schemas-5.2.jar:/opt/nifi/nifi-current/./lib/jul-to-slf4j-2.0.11.jar:/opt/nifi/nifi-current/./lib/nifi-stateless-api-1.25.0.jar:/opt/nifi/nifi-current/./lib/nifi-api-1.25.0.jar:/opt/nifi/nifi-current/./lib/nifi-per-process-group-logging-1.25.0.jar:/opt/nifi/nifi-current/./lib/nifi-stateless-bootstrap-1.25.0.jar:/opt/nifi/nifi-current/./lib/nifi-property-utils-1.25.0.jar:/opt/nifi/nifi-current/./lib/jcl-over-slf4j-2.0.11.jar:/opt/nifi/nifi-current/./lib/java11/javax.annotation-api-1.3.2.jar:/opt/nifi/nifi-current/./lib/java11/istack-commons-runtime-3.0.12.jar:/opt/nifi/nifi-current/./lib/java11/jakarta.activation-1.2.2.jar:/opt/nifi/nifi-current/./lib/java11/jaxb-runtime-2.3.9.jar:/opt/nifi/nifi-current/./lib/java11/jakarta.xml.bind-api-2.3.3.jar:/opt/nifi/nifi-current/./lib/java11/txw2-2.3.9.jar:/opt/nifi/nifi-current/./lib/java11/jakarta.activation-api-1.2.2.jar -Dorg.apache.jasper.compiler.disablejsr199=true -Xmx1g -Xms1g -Dcurator-log-only-first-connection-issue-as-error-level=true -Djavax.security.auth.useSubjectCredsOnly=true -Djava.security.egd=file:/dev/urandom -Dzookeeper.admin.enableServer=false -Dsun.net.http.allowRestrictedHeaders=true -Djava.net.preferIPv4Stack=true -Djava.awt.headless=true -Djava.protocol.handler.pkgs=sun.net.www.protocol -Dnifi.properties.file.path=/opt/nifi/nifi-current/./conf/nifi.properties -Dnifi.bootstrap.listen.port=41111 -Dapp=NiFi -Dorg.apache.nifi.bootstrap.config.log.dir=/opt/nifi/nifi-current/logs org.apache.nifi.NiFi 
2024-02-29 00:34:48,063 INFO [main] org.apache.nifi.bootstrap.Command Launched Apache NiFi with Process ID 89
2024-02-29 00:34:49,493 INFO [NiFi Bootstrap Command Listener] org.apache.nifi.bootstrap.RunNiFi Apache NiFi now running and listening for Bootstrap requests on port 39345
2024-02-29 00:35:13,014 ERROR [NiFi logging handler] org.apache.nifi.StdErr Warning: Nashorn engine is planned to be removed from a future JDK release
2024-02-29 00:35:13,971 ERROR [NiFi logging handler] org.apache.nifi.StdErr Warning: Nashorn engine is planned to be removed from a future JDK release
2024-02-29 00:35:13,999 ERROR [NiFi logging handler] org.apache.nifi.StdErr Warning: Nashorn engine is planned to be removed from a future JDK release
2024-02-29 00:35:14,029 ERROR [NiFi logging handler] org.apache.nifi.StdErr Warning: Nashorn engine is planned to be removed from a future JDK release
2024-02-29 00:35:14,064 ERROR [NiFi logging handler] org.apache.nifi.StdErr Warning: Nashorn engine is planned to be removed from a future JDK release
2024-02-29 00:35:14,094 ERROR [NiFi logging handler] org.apache.nifi.StdErr Warning: Nashorn engine is planned to be removed from a future JDK release
2024-02-29 00:35:14,101 ERROR [NiFi logging handler] org.apache.nifi.StdErr Warning: Nashorn engine is planned to be removed from a future JDK release
2024-02-29 00:35:14,108 ERROR [NiFi logging handler] org.apache.nifi.StdErr Warning: Nashorn engine is planned to be removed from a future JDK release
2024-02-29 00:35:14,207 ERROR [NiFi logging handler] org.apache.nifi.StdErr Warning: Nashorn engine is planned to be removed from a future JDK release
2024-02-29 00:35:20,990 ERROR [NiFi logging handler] org.apache.nifi.StdErr WARNING: An illegal reflective access operation has occurred
2024-02-29 00:35:20,992 ERROR [NiFi logging handler] org.apache.nifi.StdErr WARNING: Illegal reflective access by jetbrains.exodus.io.FileDataWriter$Companion$setUninterruptibleMethod$1 (file:/opt/nifi/nifi-current/./work/nar/framework/nifi-framework-nar-1.25.0.nar-unpacked/NAR-INF/bundled-dependencies/xodus-environment-2.0.1.jar) to method sun.nio.ch.FileChannelImpl.setUninterruptible()
2024-02-29 00:35:20,994 ERROR [NiFi logging handler] org.apache.nifi.StdErr WARNING: Please consider reporting this to the maintainers of jetbrains.exodus.io.FileDataWriter$Companion$setUninterruptibleMethod$1
2024-02-29 00:35:20,995 ERROR [NiFi logging handler] org.apache.nifi.StdErr WARNING: Use --illegal-access=warn to enable warnings of further illegal reflective access operations
2024-02-29 00:35:20,996 ERROR [NiFi logging handler] org.apache.nifi.StdErr WARNING: All illegal access operations will be denied in a future release
2024-02-29 00:49:49,467 INFO [main] o.a.n.b.NotificationServiceManager Successfully loaded the following 0 services: []
2024-02-29 00:49:49,478 INFO [main] org.apache.nifi.bootstrap.RunNiFi Registered no Notification Services for Notification Type NIFI_STARTED
2024-02-29 00:49:49,481 INFO [main] org.apache.nifi.bootstrap.RunNiFi Registered no Notification Services for Notification Type NIFI_STOPPED
2024-02-29 00:49:49,483 INFO [main] org.apache.nifi.bootstrap.RunNiFi Registered no Notification Services for Notification Type NIFI_DIED
2024-02-29 00:49:49,600 INFO [main] org.apache.nifi.bootstrap.RunNiFi Runtime Java version: 11.0.22
2024-02-29 00:49:50,035 INFO [main] org.apache.nifi.bootstrap.RunNiFi {javaVersion=11.0.22, availableProcessors=8, maxOpenFileDescriptors=1048576, totalPhysicalMemoryMB=10449, minimumHeapSize=1g, maximumHeapSize=1g}
2024-02-29 00:49:50,054 INFO [main] org.apache.nifi.bootstrap.Command Starting Apache NiFi...
2024-02-29 00:49:50,056 INFO [main] org.apache.nifi.bootstrap.Command Working Directory: /opt/nifi/nifi-current
2024-02-29 00:49:50,058 INFO [main] org.apache.nifi.bootstrap.Command Command: /opt/java/openjdk/bin/java -classpath /opt/nifi/nifi-current/./conf:/opt/nifi/nifi-current/./lib/javax.servlet-api-3.1.0.jar:/opt/nifi/nifi-current/./lib/nifi-framework-api-1.25.0.jar:/opt/nifi/nifi-current/./lib/logback-core-1.3.14.jar:/opt/nifi/nifi-current/./lib/nifi-runtime-1.25.0.jar:/opt/nifi/nifi-current/./lib/log4j-over-slf4j-2.0.11.jar:/opt/nifi/nifi-current/./lib/nifi-properties-1.25.0.jar:/opt/nifi/nifi-current/./lib/slf4j-api-2.0.11.jar:/opt/nifi/nifi-current/./lib/nifi-nar-utils-1.25.0.jar:/opt/nifi/nifi-current/./lib/logback-classic-1.3.14.jar:/opt/nifi/nifi-current/./lib/nifi-server-api-1.25.0.jar:/opt/nifi/nifi-current/./lib/jetty-schemas-5.2.jar:/opt/nifi/nifi-current/./lib/jul-to-slf4j-2.0.11.jar:/opt/nifi/nifi-current/./lib/nifi-stateless-api-1.25.0.jar:/opt/nifi/nifi-current/./lib/nifi-api-1.25.0.jar:/opt/nifi/nifi-current/./lib/nifi-per-process-group-logging-1.25.0.jar:/opt/nifi/nifi-current/./lib/nifi-stateless-bootstrap-1.25.0.jar:/opt/nifi/nifi-current/./lib/nifi-property-utils-1.25.0.jar:/opt/nifi/nifi-current/./lib/jcl-over-slf4j-2.0.11.jar:/opt/nifi/nifi-current/./lib/java11/javax.annotation-api-1.3.2.jar:/opt/nifi/nifi-current/./lib/java11/istack-commons-runtime-3.0.12.jar:/opt/nifi/nifi-current/./lib/java11/jakarta.activation-1.2.2.jar:/opt/nifi/nifi-current/./lib/java11/jaxb-runtime-2.3.9.jar:/opt/nifi/nifi-current/./lib/java11/jakarta.xml.bind-api-2.3.3.jar:/opt/nifi/nifi-current/./lib/java11/txw2-2.3.9.jar:/opt/nifi/nifi-current/./lib/java11/jakarta.activation-api-1.2.2.jar -Dorg.apache.jasper.compiler.disablejsr199=true -Xmx1g -Xms1g -Dcurator-log-only-first-connection-issue-as-error-level=true -Djavax.security.auth.useSubjectCredsOnly=true -Djava.security.egd=file:/dev/urandom -Dzookeeper.admin.enableServer=false -Dsun.net.http.allowRestrictedHeaders=true -Djava.net.preferIPv4Stack=true -Djava.awt.headless=true -Djava.protocol.handler.pkgs=sun.net.www.protocol -Dnifi.properties.file.path=/opt/nifi/nifi-current/./conf/nifi.properties -Dnifi.bootstrap.listen.port=39051 -Dapp=NiFi -Dorg.apache.nifi.bootstrap.config.log.dir=/opt/nifi/nifi-current/logs org.apache.nifi.NiFi 
2024-02-29 00:49:50,137 INFO [main] org.apache.nifi.bootstrap.Command Launched Apache NiFi with Process ID 91
2024-02-29 00:49:51,564 INFO [NiFi Bootstrap Command Listener] org.apache.nifi.bootstrap.RunNiFi Apache NiFi now running and listening for Bootstrap requests on port 36389
2024-02-29 00:50:18,070 ERROR [NiFi logging handler] org.apache.nifi.StdErr WARNING: An illegal reflective access operation has occurred
2024-02-29 00:50:18,072 ERROR [NiFi logging handler] org.apache.nifi.StdErr WARNING: Illegal reflective access by jetbrains.exodus.io.FileDataWriter$Companion$setUninterruptibleMethod$1 (file:/opt/nifi/nifi-current/./work/nar/framework/nifi-framework-nar-1.25.0.nar-unpacked/NAR-INF/bundled-dependencies/xodus-environment-2.0.1.jar) to method sun.nio.ch.FileChannelImpl.setUninterruptible()
2024-02-29 00:50:18,078 ERROR [NiFi logging handler] org.apache.nifi.StdErr WARNING: Please consider reporting this to the maintainers of jetbrains.exodus.io.FileDataWriter$Companion$setUninterruptibleMethod$1
2024-02-29 00:50:18,078 ERROR [NiFi logging handler] org.apache.nifi.StdErr WARNING: Use --illegal-access=warn to enable warnings of further illegal reflective access operations
2024-02-29 00:50:18,080 ERROR [NiFi logging handler] org.apache.nifi.StdErr WARNING: All illegal access operations will be denied in a future release
